<?xml version="1.0" encoding="UTF-8"?>
<!-- Generated by org.testng.reporters.JUnitReportReporter -->
<testsuite skipped="0" hostname="DESKTOP-J44BULS" name="com.actitime.tests.VerifyVersionTest" tests="1" failures="0" timestamp="06 Mar 2020 09:27:07 GMT" time="25.070" errors="0">
  <testcase name="testVerifyVersion" time="25.070" classname="com.actitime.tests.VerifyVersionTest"/>
</testsuite> <!-- com.actitime.tests.VerifyVersionTest -->
